<?xml version="1.0" encoding="UTF-8"?>
<testsuite xmlns:xsi="http://www.w3.org/2001/XMLSchema-instance" xsi:noNamespaceSchemaLocation="https://maven.apache.org/surefire/maven-surefire-plugin/xsd/surefire-test-report.xsd" version="3.0.1" name="com.mycompany.app.AppTest" time="2.567" tests="2" errors="0" skipped="0" failures="1">
  <properties>
[...]
</properties>
  <testcase name="clientExists" classname="com.mycompany.app.AppTest" time="2.42">
    <failure message="expected: &lt;101&gt; but was: &lt;0&gt;" type="org.opentest4j.AssertionFailedError"><![CDATA[org.opentest4j.AssertionFailedError: expected: <101> but was: <0>
	at org.junit.jupiter.api.AssertionFailureBuilder.build(AssertionFailureBuilder.java:151)
	at org.junit.jupiter.api.AssertionFailureBuilder.buildAndThrow(AssertionFailureBuilder.java:132)
	at org.junit.jupiter.api.AssertEquals.failNotEqual(AssertEquals.java:197)
	at org.junit.jupiter.api.AssertEquals.assertEquals(AssertEquals.java:150)
	at org.junit.jupiter.api.AssertEquals.assertEquals(AssertEquals.java:145)
	at org.junit.jupiter.api.Assertions.assertEquals(Assertions.java:531)
	at com.mycompany.app.AppTest.clientExists(AppTest.java:27)
	at java.base/java.lang.reflect.Method.invoke(Method.java:580)
	at java.base/java.util.ArrayList.forEach(ArrayList.java:1597)
	at java.base/java.util.ArrayList.forEach(ArrayList.java:1597)
]]></failure>
    <system-out><![CDATA[Connected Database
java.sql.SQLException: ORA-17289: Zbiór wyników po ostatnim wierszu
https://docs.oracle.com/error-help/db/ora-17289/
]]></system-out>
  </testcase>
  <testcase name="clientDoesntExists" classname="com.mycompany.app.AppTest" time="0.085">
    <system-out><![CDATA[Connected Database
java.sql.SQLException: ORA-17289: Zbiór wyników po ostatnim wierszu
https://docs.oracle.com/error-help/db/ora-17289/
]]></system-out>
  </testcase>
</testsuite>